# JRE version: Java(TM) SE Runtime Environment (17.0.10+11) (build 17.0.10+11-LTS-240)
# Java VM: Java HotSpot(TM) 64-Bit Server VM (17.0.10+11-LTS-240, mixed mode, sharing, tiered, compressed oops, compressed class ptrs, g1 gc, windows-amd64)
GC Precious Log:
 CPUs: 8 total, 8 available
 Memory: 7932M
 Large Page Support: Disabled
 NUMA Support: Disabled
 Compressed Oops: Enabled (32-bit)
 Heap Region Size: 1M
 Heap Min Capacity: 8M
 Heap Initial Capacity: 124M
 Heap Max Capacity: 2G
 Pre-touch: Disabled
 Parallel Workers: 8
 Concurrent Workers: 2
 Concurrent Refinement Workers: 8
 Periodic GC: Disabled
Heap:
 garbage-first heap   total 212992K, used 162085K [0x0000000080000000, 0x0000000100000000)
  region size 1024K, 73 young (74752K), 3 survivors (3072K)
 Metaspace       used 85758K, committed 86592K, reserved 557056K
  class space    used 11932K, committed 12352K, reserved 425984K
GC Heap History (20 events):
Event: 42.623 GC heap before
{Heap before GC invocations=33 (full 0):
 garbage-first heap   total 115712K, used 93989K [0x0000000080000000, 0x0000000100000000)
  region size 1024K, 31 young (31744K), 4 survivors (4096K)
 Metaspace       used 66328K, committed 67008K, reserved 491520K
  class space    used 9437K, committed 9792K, reserved 425984K
}
Event: 42.639 GC heap after
{Heap after GC invocations=34 (full 0):
 garbage-first heap   total 115712K, used 68659K [0x0000000080000000, 0x0000000100000000)
  region size 1024K, 3 young (3072K), 3 survivors (3072K)
 Metaspace       used 66328K, committed 67008K, reserved 491520K
  class space    used 9437K, committed 9792K, reserved 425984K
}
Event: 50.601 GC heap before
{Heap before GC invocations=35 (full 0):
 garbage-first heap   total 122880K, used 93235K [0x0000000080000000, 0x0000000100000000)
  region size 1024K, 28 young (28672K), 3 survivors (3072K)
 Metaspace       used 68048K, committed 68736K, reserved 491520K
  class space    used 9708K, committed 10048K, reserved 425984K
}
Event: 50.625 GC heap after
{Heap after GC invocations=36 (full 0):
 garbage-first heap   total 122880K, used 69499K [0x0000000080000000, 0x0000000100000000)
  region size 1024K, 3 young (3072K), 3 survivors (3072K)
 Metaspace       used 68048K, committed 68736K, reserved 491520K
  class space    used 9708K, committed 10048K, reserved 425984K
}
Event: 53.092 GC heap before
{Heap before GC invocations=36 (full 0):
 garbage-first heap   total 122880K, used 72571K [0x0000000080000000, 0x0000000100000000)
  region size 1024K, 6 young (6144K), 3 survivors (3072K)
 Metaspace       used 68268K, committed 68928K, reserved 491520K
  class space    used 9727K, committed 10048K, reserved 425984K
}
Event: 53.112 GC heap after
{Heap after GC invocations=37 (full 0):
 garbage-first heap   total 122880K, used 69515K [0x0000000080000000, 0x0000000100000000)
  region size 1024K, 1 young (1024K), 1 survivors (1024K)
 Metaspace       used 68268K, committed 68928K, reserved 491520K
  class space    used 9727K, committed 10048K, reserved 425984K
}
Event: 54.611 GC heap before
{Heap before GC invocations=37 (full 0):
 garbage-first heap   total 122880K, used 83851K [0x0000000080000000, 0x0000000100000000)
  region size 1024K, 16 young (16384K), 1 survivors (1024K)
 Metaspace       used 68481K, committed 69248K, reserved 491520K
  class space    used 9747K, committed 10112K, reserved 425984K
}
Event: 54.624 GC heap after
{Heap after GC invocations=38 (full 0):
 garbage-first heap   total 122880K, used 70016K [0x0000000080000000, 0x0000000100000000)
  region size 1024K, 2 young (2048K), 2 survivors (2048K)
 Metaspace       used 68481K, committed 69248K, reserved 491520K
  class space    used 9747K, committed 10112K, reserved 425984K
}
Event: 57.214 GC heap before
{Heap before GC invocations=39 (full 0):
 garbage-first heap   total 122880K, used 104832K [0x0000000080000000, 0x0000000100000000)
  region size 1024K, 32 young (32768K), 2 survivors (2048K)
 Metaspace       used 70590K, committed 71360K, reserved 491520K
  class space    used 10011K, committed 10368K, reserved 425984K
}
Event: 57.263 GC heap after
{Heap after GC invocations=40 (full 0):
 garbage-first heap   total 122880K, used 79826K [0x0000000080000000, 0x0000000100000000)
  region size 1024K, 4 young (4096K), 4 survivors (4096K)
 Metaspace       used 70590K, committed 71360K, reserved 491520K
  class space    used 10011K, committed 10368K, reserved 425984K
}
Event: 57.365 GC heap before
{Heap before GC invocations=40 (full 0):
 garbage-first heap   total 122880K, used 80850K [0x0000000080000000, 0x0000000100000000)
  region size 1024K, 6 young (6144K), 4 survivors (4096K)
 Metaspace       used 70737K, committed 71488K, reserved 491520K
  class space    used 10027K, committed 10368K, reserved 425984K
}
Event: 57.385 GC heap after
{Heap after GC invocations=41 (full 0):
 garbage-first heap   total 122880K, used 79369K [0x0000000080000000, 0x0000000100000000)
  region size 1024K, 1 young (1024K), 1 survivors (1024K)
 Metaspace       used 70737K, committed 71488K, reserved 491520K
  class space    used 10027K, committed 10368K, reserved 425984K
}
Event: 59.079 GC heap before
{Heap before GC invocations=41 (full 0):
 garbage-first heap   total 122880K, used 101897K [0x0000000080000000, 0x0000000100000000)
  region size 1024K, 23 young (23552K), 1 survivors (1024K)
 Metaspace       used 72855K, committed 73600K, reserved 491520K
  class space    used 10225K, committed 10560K, reserved 425984K
}
Event: 59.094 GC heap after
{Heap after GC invocations=42 (full 0):
 garbage-first heap   total 212992K, used 81398K [0x0000000080000000, 0x0000000100000000)
  region size 1024K, 2 young (2048K), 2 survivors (2048K)
 Metaspace       used 72855K, committed 73600K, reserved 491520K
  class space    used 10225K, committed 10560K, reserved 425984K
}
Event: 64.142 GC heap before
{Heap before GC invocations=43 (full 0):
 garbage-first heap   total 212992K, used 158198K [0x0000000080000000, 0x0000000100000000)
  region size 1024K, 71 young (72704K), 2 survivors (2048K)
 Metaspace       used 78126K, committed 78912K, reserved 557056K
  class space    used 10882K, committed 11264K, reserved 425984K
}
Event: 64.157 GC heap after
{Heap after GC invocations=44 (full 0):
 garbage-first heap   total 212992K, used 87620K [0x0000000080000000, 0x0000000100000000)
  region size 1024K, 9 young (9216K), 9 survivors (9216K)
 Metaspace       used 78126K, committed 78912K, reserved 557056K
  class space    used 10882K, committed 11264K, reserved 425984K
}
Event: 64.195 GC heap before
{Heap before GC invocations=44 (full 0):
 garbage-first heap   total 212992K, used 88644K [0x0000000080000000, 0x0000000100000000)
  region size 1024K, 10 young (10240K), 9 survivors (9216K)
 Metaspace       used 78196K, committed 78976K, reserved 557056K
  class space    used 10891K, committed 11264K, reserved 425984K
}
Event: 64.258 GC heap after
{Heap after GC invocations=45 (full 0):
 garbage-first heap   total 212992K, used 88413K [0x0000000080000000, 0x0000000100000000)
  region size 1024K, 1 young (1024K), 1 survivors (1024K)
 Metaspace       used 78196K, committed 78976K, reserved 557056K
  class space    used 10891K, committed 11264K, reserved 425984K
}
Event: 70.704 GC heap before
{Heap before GC invocations=45 (full 0):
 garbage-first heap   total 212992K, used 158045K [0x0000000080000000, 0x0000000100000000)
  region size 1024K, 69 young (70656K), 1 survivors (1024K)
 Metaspace       used 83521K, committed 84352K, reserved 557056K
  class space    used 11607K, committed 12032K, reserved 425984K
}
Event: 70.739 GC heap after
{Heap after GC invocations=46 (full 0):
 garbage-first heap   total 212992K, used 90405K [0x0000000080000000, 0x0000000100000000)
  region size 1024K, 3 young (3072K), 3 survivors (3072K)
 Metaspace       used 83521K, committed 84352K, reserved 557056K
  class space    used 11607K, committed 12032K, reserved 425984K
}

