# JRE version: Java(TM) SE Runtime Environment (17.0.10+11) (build 17.0.10+11-LTS-240)
# Java VM: Java HotSpot(TM) 64-Bit Server VM (17.0.10+11-LTS-240, mixed mode, sharing, tiered, compressed oops, compressed class ptrs, g1 gc, windows-amd64)
GC Precious Log:
 CPUs: 8 total, 8 available
 Memory: 7932M
 Large Page Support: Disabled
 NUMA Support: Disabled
 Compressed Oops: Enabled (32-bit)
 Heap Region Size: 1M
 Heap Min Capacity: 8M
 Heap Initial Capacity: 124M
 Heap Max Capacity: 2G
 Pre-touch: Disabled
 Parallel Workers: 8
 Concurrent Workers: 2
 Concurrent Refinement Workers: 8
 Periodic GC: Disabled
Heap:
 garbage-first heap   total 284672K, used 130464K [0x0000000080000000, 0x0000000100000000)
  region size 1024K, 38 young (38912K), 13 survivors (13312K)
 Metaspace       used 93789K, committed 94720K, reserved 557056K
  class space    used 13159K, committed 13632K, reserved 425984K
GC Heap History (20 events):
Event: 33.505 GC heap before
{Heap before GC invocations=36 (full 0):
 garbage-first heap   total 119808K, used 69810K [0x0000000080000000, 0x0000000100000000)
  region size 1024K, 5 young (5120K), 4 survivors (4096K)
 Metaspace       used 66741K, committed 67456K, reserved 491520K
  class space    used 9523K, committed 9856K, reserved 425984K
}
Event: 33.512 GC heap after
{Heap after GC invocations=37 (full 0):
 garbage-first heap   total 119808K, used 68779K [0x0000000080000000, 0x0000000100000000)
  region size 1024K, 1 young (1024K), 1 survivors (1024K)
 Metaspace       used 66741K, committed 67456K, reserved 491520K
  class space    used 9523K, committed 9856K, reserved 425984K
}
Event: 35.850 GC heap before
{Heap before GC invocations=37 (full 0):
 garbage-first heap   total 119808K, used 95403K [0x0000000080000000, 0x0000000100000000)
  region size 1024K, 29 young (29696K), 1 survivors (1024K)
 Metaspace       used 68131K, committed 68864K, reserved 491520K
  class space    used 9704K, committed 10048K, reserved 425984K
}
Event: 35.854 GC heap after
{Heap after GC invocations=38 (full 0):
 garbage-first heap   total 119808K, used 70110K [0x0000000080000000, 0x0000000100000000)
  region size 1024K, 2 young (2048K), 2 survivors (2048K)
 Metaspace       used 68131K, committed 68864K, reserved 491520K
  class space    used 9704K, committed 10048K, reserved 425984K
}
Event: 37.635 GC heap before
{Heap before GC invocations=39 (full 0):
 garbage-first heap   total 122880K, used 103902K [0x0000000080000000, 0x0000000100000000)
  region size 1024K, 30 young (30720K), 2 survivors (2048K)
 Metaspace       used 69579K, committed 70336K, reserved 491520K
  class space    used 9887K, committed 10240K, reserved 425984K
}
Event: 37.642 GC heap after
{Heap after GC invocations=40 (full 0):
 garbage-first heap   total 122880K, used 81941K [0x0000000080000000, 0x0000000100000000)
  region size 1024K, 4 young (4096K), 4 survivors (4096K)
 Metaspace       used 69579K, committed 70336K, reserved 491520K
  class space    used 9887K, committed 10240K, reserved 425984K
}
Event: 37.712 GC heap before
{Heap before GC invocations=40 (full 0):
 garbage-first heap   total 122880K, used 83989K [0x0000000080000000, 0x0000000100000000)
  region size 1024K, 6 young (6144K), 4 survivors (4096K)
 Metaspace       used 69753K, committed 70464K, reserved 491520K
  class space    used 9910K, committed 10240K, reserved 425984K
}
Event: 37.715 GC heap after
{Heap after GC invocations=41 (full 0):
 garbage-first heap   total 122880K, used 81538K [0x0000000080000000, 0x0000000100000000)
  region size 1024K, 1 young (1024K), 1 survivors (1024K)
 Metaspace       used 69753K, committed 70464K, reserved 491520K
  class space    used 9910K, committed 10240K, reserved 425984K
}
Event: 38.682 GC heap before
{Heap before GC invocations=41 (full 0):
 garbage-first heap   total 122880K, used 102018K [0x0000000080000000, 0x0000000100000000)
  region size 1024K, 22 young (22528K), 1 survivors (1024K)
 Metaspace       used 71767K, committed 72448K, reserved 491520K
  class space    used 10107K, committed 10432K, reserved 425984K
}
Event: 38.685 GC heap after
{Heap after GC invocations=42 (full 0):
 garbage-first heap   total 122880K, used 81744K [0x0000000080000000, 0x0000000100000000)
  region size 1024K, 1 young (1024K), 1 survivors (1024K)
 Metaspace       used 71767K, committed 72448K, reserved 491520K
  class space    used 10107K, committed 10432K, reserved 425984K
}
Event: 39.570 GC heap before
{Heap before GC invocations=43 (full 0):
 garbage-first heap   total 142336K, used 102224K [0x0000000080000000, 0x0000000100000000)
  region size 1024K, 22 young (22528K), 1 survivors (1024K)
 Metaspace       used 73441K, committed 74176K, reserved 491520K
  class space    used 10290K, committed 10624K, reserved 425984K
}
Event: 39.581 GC heap after
{Heap after GC invocations=44 (full 0):
 garbage-first heap   total 142336K, used 82623K [0x0000000080000000, 0x0000000100000000)
  region size 1024K, 2 young (2048K), 2 survivors (2048K)
 Metaspace       used 73441K, committed 74176K, reserved 491520K
  class space    used 10290K, committed 10624K, reserved 425984K
}
Event: 39.825 GC heap before
{Heap before GC invocations=44 (full 0):
 garbage-first heap   total 142336K, used 85695K [0x0000000080000000, 0x0000000100000000)
  region size 1024K, 6 young (6144K), 2 survivors (2048K)
 Metaspace       used 73779K, committed 74496K, reserved 491520K
  class space    used 10333K, committed 10688K, reserved 425984K
}
Event: 39.831 GC heap after
{Heap after GC invocations=45 (full 0):
 garbage-first heap   total 284672K, used 82430K [0x0000000080000000, 0x0000000100000000)
  region size 1024K, 1 young (1024K), 1 survivors (1024K)
 Metaspace       used 73779K, committed 74496K, reserved 491520K
  class space    used 10333K, committed 10688K, reserved 425984K
}
Event: 46.562 GC heap before
{Heap before GC invocations=45 (full 0):
 garbage-first heap   total 284672K, used 199166K [0x0000000080000000, 0x0000000100000000)
  region size 1024K, 109 young (111616K), 1 survivors (1024K)
 Metaspace       used 81680K, committed 82432K, reserved 557056K
  class space    used 11367K, committed 11712K, reserved 425984K
}
Event: 46.576 GC heap after
{Heap after GC invocations=46 (full 0):
 garbage-first heap   total 284672K, used 89838K [0x0000000080000000, 0x0000000100000000)
  region size 1024K, 8 young (8192K), 8 survivors (8192K)
 Metaspace       used 81680K, committed 82432K, reserved 557056K
  class space    used 11367K, committed 11712K, reserved 425984K
}
Event: 61.218 GC heap before
{Heap before GC invocations=46 (full 0):
 garbage-first heap   total 284672K, used 205550K [0x0000000080000000, 0x0000000100000000)
  region size 1024K, 120 young (122880K), 8 survivors (8192K)
 Metaspace       used 86886K, committed 87616K, reserved 557056K
  class space    used 12063K, committed 12416K, reserved 425984K
}
Event: 61.249 GC heap after
{Heap after GC invocations=47 (full 0):
 garbage-first heap   total 284672K, used 97535K [0x0000000080000000, 0x0000000100000000)
  region size 1024K, 15 young (15360K), 15 survivors (15360K)
 Metaspace       used 86886K, committed 87616K, reserved 557056K
  class space    used 12063K, committed 12416K, reserved 425984K
}
Event: 69.644 GC heap before
{Heap before GC invocations=47 (full 0):
 garbage-first heap   total 284672K, used 213247K [0x0000000080000000, 0x0000000100000000)
  region size 1024K, 128 young (131072K), 15 survivors (15360K)
 Metaspace       used 93155K, committed 93952K, reserved 557056K
  class space    used 13062K, committed 13440K, reserved 425984K
}
Event: 69.841 GC heap after
{Heap after GC invocations=48 (full 0):
 garbage-first heap   total 284672K, used 102816K [0x0000000080000000, 0x0000000100000000)
  region size 1024K, 13 young (13312K), 13 survivors (13312K)
 Metaspace       used 93155K, committed 93952K, reserved 557056K
  class space    used 13062K, committed 13440K, reserved 425984K
}

