# JRE version: Java(TM) SE Runtime Environment (17.0.10+11) (build 17.0.10+11-LTS-240)
# Java VM: Java HotSpot(TM) 64-Bit Server VM (17.0.10+11-LTS-240, mixed mode, sharing, tiered, compressed oops, compressed class ptrs, g1 gc, windows-amd64)
GC Precious Log:
 CPUs: 8 total, 8 available
 Memory: 7932M
 Large Page Support: Disabled
 NUMA Support: Disabled
 Compressed Oops: Enabled (32-bit)
 Heap Region Size: 1M
 Heap Min Capacity: 8M
 Heap Initial Capacity: 124M
 Heap Max Capacity: 2G
 Pre-touch: Disabled
 Parallel Workers: 8
 Concurrent Workers: 2
 Concurrent Refinement Workers: 8
 Periodic GC: Disabled
Heap:
 garbage-first heap   total 196608K, used 150528K [0x0000000080000000, 0x0000000100000000)
  region size 1024K, 23 young (23552K), 5 survivors (5120K)
 Metaspace       used 94573K, committed 95424K, reserved 557056K
  class space    used 13287K, committed 13696K, reserved 425984K
GC Heap History (20 events):
Event: 58.824 GC heap before
{Heap before GC invocations=54 (full 0):
 garbage-first heap   total 167936K, used 130486K [0x0000000080000000, 0x0000000100000000)
  region size 1024K, 45 young (46080K), 6 survivors (6144K)
 Metaspace       used 82939K, committed 83712K, reserved 557056K
  class space    used 11548K, committed 11904K, reserved 425984K
}
Event: 58.840 GC heap after
{Heap after GC invocations=55 (full 0):
 garbage-first heap   total 167936K, used 93785K [0x0000000080000000, 0x0000000100000000)
  region size 1024K, 6 young (6144K), 6 survivors (6144K)
 Metaspace       used 82939K, committed 83712K, reserved 557056K
  class space    used 11548K, committed 11904K, reserved 425984K
}
Event: 59.589 GC heap before
{Heap before GC invocations=55 (full 0):
 garbage-first heap   total 167936K, used 130649K [0x0000000080000000, 0x0000000100000000)
  region size 1024K, 43 young (44032K), 6 survivors (6144K)
 Metaspace       used 85496K, committed 86336K, reserved 557056K
  class space    used 11896K, committed 12288K, reserved 425984K
}
Event: 59.597 GC heap after
{Heap after GC invocations=56 (full 0):
 garbage-first heap   total 167936K, used 95421K [0x0000000080000000, 0x0000000100000000)
  region size 1024K, 5 young (5120K), 5 survivors (5120K)
 Metaspace       used 85496K, committed 86336K, reserved 557056K
  class space    used 11896K, committed 12288K, reserved 425984K
}
Event: 60.648 GC heap before
{Heap before GC invocations=57 (full 0):
 garbage-first heap   total 167936K, used 136381K [0x0000000080000000, 0x0000000100000000)
  region size 1024K, 44 young (45056K), 5 survivors (5120K)
 Metaspace       used 88181K, committed 88960K, reserved 557056K
  class space    used 12422K, committed 12800K, reserved 425984K
}
Event: 60.660 GC heap after
{Heap after GC invocations=58 (full 0):
 garbage-first heap   total 167936K, used 96641K [0x0000000080000000, 0x0000000100000000)
  region size 1024K, 3 young (3072K), 3 survivors (3072K)
 Metaspace       used 88181K, committed 88960K, reserved 557056K
  class space    used 12422K, committed 12800K, reserved 425984K
}
Event: 61.891 GC heap before
{Heap before GC invocations=58 (full 0):
 garbage-first heap   total 167936K, used 137601K [0x0000000080000000, 0x0000000100000000)
  region size 1024K, 43 young (44032K), 3 survivors (3072K)
 Metaspace       used 90874K, committed 91648K, reserved 557056K
  class space    used 12804K, committed 13184K, reserved 425984K
}
Event: 61.897 GC heap after
{Heap after GC invocations=59 (full 0):
 garbage-first heap   total 167936K, used 98160K [0x0000000080000000, 0x0000000100000000)
  region size 1024K, 5 young (5120K), 5 survivors (5120K)
 Metaspace       used 90874K, committed 91648K, reserved 557056K
  class space    used 12804K, committed 13184K, reserved 425984K
}
Event: 64.630 GC heap before
{Heap before GC invocations=60 (full 0):
 garbage-first heap   total 171008K, used 140144K [0x0000000080000000, 0x0000000100000000)
  region size 1024K, 45 young (46080K), 5 survivors (5120K)
 Metaspace       used 92291K, committed 93120K, reserved 557056K
  class space    used 12958K, committed 13376K, reserved 425984K
}
Event: 64.643 GC heap after
{Heap after GC invocations=61 (full 0):
 garbage-first heap   total 171008K, used 103149K [0x0000000080000000, 0x0000000100000000)
  region size 1024K, 6 young (6144K), 6 survivors (6144K)
 Metaspace       used 92291K, committed 93120K, reserved 557056K
  class space    used 12958K, committed 13376K, reserved 425984K
}
Event: 64.780 GC heap before
{Heap before GC invocations=61 (full 0):
 garbage-first heap   total 171008K, used 105197K [0x0000000080000000, 0x0000000100000000)
  region size 1024K, 8 young (8192K), 6 survivors (6144K)
 Metaspace       used 92291K, committed 93120K, reserved 557056K
  class space    used 12958K, committed 13376K, reserved 425984K
}
Event: 64.802 GC heap after
{Heap after GC invocations=62 (full 0):
 garbage-first heap   total 171008K, used 105756K [0x0000000080000000, 0x0000000100000000)
  region size 1024K, 1 young (1024K), 1 survivors (1024K)
 Metaspace       used 92291K, committed 93120K, reserved 557056K
  class space    used 12958K, committed 13376K, reserved 425984K
}
Event: 65.916 GC heap before
{Heap before GC invocations=62 (full 0):
 garbage-first heap   total 171008K, used 142620K [0x0000000080000000, 0x0000000100000000)
  region size 1024K, 36 young (36864K), 1 survivors (1024K)
 Metaspace       used 93612K, committed 94464K, reserved 557056K
  class space    used 13201K, committed 13632K, reserved 425984K
}
Event: 65.940 GC heap after
{Heap after GC invocations=63 (full 0):
 garbage-first heap   total 171008K, used 115397K [0x0000000080000000, 0x0000000100000000)
  region size 1024K, 5 young (5120K), 5 survivors (5120K)
 Metaspace       used 93612K, committed 94464K, reserved 557056K
  class space    used 13201K, committed 13632K, reserved 425984K
}
Event: 68.658 GC heap before
{Heap before GC invocations=64 (full 0):
 garbage-first heap   total 196608K, used 140997K [0x0000000080000000, 0x0000000100000000)
  region size 1024K, 30 young (30720K), 5 survivors (5120K)
 Metaspace       used 94035K, committed 94848K, reserved 557056K
  class space    used 13237K, committed 13632K, reserved 425984K
}
Event: 68.672 GC heap after
{Heap after GC invocations=65 (full 0):
 garbage-first heap   total 196608K, used 120894K [0x0000000080000000, 0x0000000100000000)
  region size 1024K, 4 young (4096K), 4 survivors (4096K)
 Metaspace       used 94035K, committed 94848K, reserved 557056K
  class space    used 13237K, committed 13632K, reserved 425984K
}
Event: 68.846 GC heap before
{Heap before GC invocations=65 (full 0):
 garbage-first heap   total 196608K, used 124990K [0x0000000080000000, 0x0000000100000000)
  region size 1024K, 9 young (9216K), 4 survivors (4096K)
 Metaspace       used 94078K, committed 95040K, reserved 557056K
  class space    used 13243K, committed 13696K, reserved 425984K
}
Event: 68.858 GC heap after
{Heap after GC invocations=66 (full 0):
 garbage-first heap   total 196608K, used 121683K [0x0000000080000000, 0x0000000100000000)
  region size 1024K, 2 young (2048K), 2 survivors (2048K)
 Metaspace       used 94078K, committed 95040K, reserved 557056K
  class space    used 13243K, committed 13696K, reserved 425984K
}
Event: 71.028 GC heap before
{Heap before GC invocations=66 (full 0):
 garbage-first heap   total 196608K, used 161619K [0x0000000080000000, 0x0000000100000000)
  region size 1024K, 38 young (38912K), 2 survivors (2048K)
 Metaspace       used 94414K, committed 95296K, reserved 557056K
  class space    used 13277K, committed 13696K, reserved 425984K
}
Event: 71.045 GC heap after
{Heap after GC invocations=67 (full 0):
 garbage-first heap   total 196608K, used 133120K [0x0000000080000000, 0x0000000100000000)
  region size 1024K, 5 young (5120K), 5 survivors (5120K)
 Metaspace       used 94414K, committed 95296K, reserved 557056K
  class space    used 13277K, committed 13696K, reserved 425984K
}

