# JRE version: Java(TM) SE Runtime Environment (17.0.10+11) (build 17.0.10+11-LTS-240)
# Java VM: Java HotSpot(TM) 64-Bit Server VM (17.0.10+11-LTS-240, mixed mode, sharing, tiered, compressed oops, compressed class ptrs, g1 gc, windows-amd64)
GC Precious Log:
 CPUs: 8 total, 8 available
 Memory: 7932M
 Large Page Support: Disabled
 NUMA Support: Disabled
 Compressed Oops: Enabled (32-bit)
 Heap Region Size: 1M
 Heap Min Capacity: 8M
 Heap Initial Capacity: 124M
 Heap Max Capacity: 2G
 Pre-touch: Disabled
 Parallel Workers: 8
 Concurrent Workers: 2
 Concurrent Refinement Workers: 8
 Periodic GC: Disabled
Heap:
 garbage-first heap   total 86016K, used 65629K [0x0000000080000000, 0x0000000100000000)
  region size 1024K, 35 young (35840K), 4 survivors (4096K)
 Metaspace       used 34480K, committed 34816K, reserved 491520K
  class space    used 4769K, committed 4928K, reserved 425984K
GC Heap History (12 events):
Event: 1.828 GC heap before
{Heap before GC invocations=0 (full 0):
 garbage-first heap   total 126976K, used 26624K [0x0000000080000000, 0x0000000100000000)
  region size 1024K, 23 young (23552K), 0 survivors (0K)
 Metaspace       used 3032K, committed 3136K, reserved 491520K
  class space    used 390K, committed 448K, reserved 425984K
}
Event: 1.842 GC heap after
{Heap after GC invocations=1 (full 0):
 garbage-first heap   total 126976K, used 10541K [0x0000000080000000, 0x0000000100000000)
  region size 1024K, 3 young (3072K), 3 survivors (3072K)
 Metaspace       used 3032K, committed 3136K, reserved 491520K
  class space    used 390K, committed 448K, reserved 425984K
}
Event: 2.789 GC heap before
{Heap before GC invocations=1 (full 0):
 garbage-first heap   total 126976K, used 36141K [0x0000000080000000, 0x0000000100000000)
  region size 1024K, 28 young (28672K), 3 survivors (3072K)
 Metaspace       used 3994K, committed 4160K, reserved 491520K
  class space    used 492K, committed 576K, reserved 425984K
}
Event: 2.795 GC heap after
{Heap after GC invocations=2 (full 0):
 garbage-first heap   total 126976K, used 11553K [0x0000000080000000, 0x0000000100000000)
  region size 1024K, 1 young (1024K), 1 survivors (1024K)
 Metaspace       used 3994K, committed 4160K, reserved 491520K
  class space    used 492K, committed 576K, reserved 425984K
}
Event: 6.087 GC heap before
{Heap before GC invocations=2 (full 0):
 garbage-first heap   total 126976K, used 86305K [0x0000000080000000, 0x0000000100000000)
  region size 1024K, 74 young (75776K), 1 survivors (1024K)
 Metaspace       used 15140K, committed 15424K, reserved 491520K
  class space    used 2124K, committed 2240K, reserved 425984K
}
Event: 6.102 GC heap after
{Heap after GC invocations=3 (full 0):
 garbage-first heap   total 126976K, used 20158K [0x0000000080000000, 0x0000000100000000)
  region size 1024K, 10 young (10240K), 10 survivors (10240K)
 Metaspace       used 15140K, committed 15424K, reserved 491520K
  class space    used 2124K, committed 2240K, reserved 425984K
}
Event: 7.450 GC heap before
{Heap before GC invocations=3 (full 0):
 garbage-first heap   total 126976K, used 65214K [0x0000000080000000, 0x0000000100000000)
  region size 1024K, 56 young (57344K), 10 survivors (10240K)
 Metaspace       used 21179K, committed 21504K, reserved 491520K
  class space    used 3099K, committed 3264K, reserved 425984K
}
Event: 7.460 GC heap after
{Heap after GC invocations=4 (full 0):
 garbage-first heap   total 126976K, used 23740K [0x0000000080000000, 0x0000000100000000)
  region size 1024K, 3 young (3072K), 3 survivors (3072K)
 Metaspace       used 21179K, committed 21504K, reserved 491520K
  class space    used 3099K, committed 3264K, reserved 425984K
}
Event: 8.872 GC heap before
{Heap before GC invocations=5 (full 0):
 garbage-first heap   total 86016K, used 70844K [0x0000000080000000, 0x0000000100000000)
  region size 1024K, 50 young (51200K), 3 survivors (3072K)
 Metaspace       used 29207K, committed 29568K, reserved 491520K
  class space    used 4153K, committed 4352K, reserved 425984K
}
Event: 8.882 GC heap after
{Heap after GC invocations=6 (full 0):
 garbage-first heap   total 86016K, used 27276K [0x0000000080000000, 0x0000000100000000)
  region size 1024K, 7 young (7168K), 7 survivors (7168K)
 Metaspace       used 29207K, committed 29568K, reserved 491520K
  class space    used 4153K, committed 4352K, reserved 425984K
}
Event: 9.969 GC heap before
{Heap before GC invocations=6 (full 0):
 garbage-first heap   total 86016K, used 62092K [0x0000000080000000, 0x0000000100000000)
  region size 1024K, 42 young (43008K), 7 survivors (7168K)
 Metaspace       used 32004K, committed 32384K, reserved 491520K
  class space    used 4507K, committed 4672K, reserved 425984K
}
Event: 9.987 GC heap after
{Heap after GC invocations=7 (full 0):
 garbage-first heap   total 86016K, used 30813K [0x0000000080000000, 0x0000000100000000)
  region size 1024K, 4 young (4096K), 4 survivors (4096K)
 Metaspace       used 32004K, committed 32384K, reserved 491520K
  class space    used 4507K, committed 4672K, reserved 425984K
}

